2024-11-11 08:42:29,875 [INFO] Activator:176 - 


2024-11-11 08:42:29,886 [INFO] Activator:177 - !SESSION log4j initialized
2024-11-11 08:42:37,165 [INFO] LogOutputStream:77 - [STDOUT_REDIRECT] 
2024-11-11 08:42:38,875 [INFO] ApplicationProperties:184 - Using Application install path: C:\FAST\ARM\ST\STM32CubeIDE_1.16.1\STM32CubeIDE\plugins\com.st.stm32cube.common.mx_6.12.1.202409122256
2024-11-11 08:42:38,894 [INFO] DbMcusXml:78 - Set database path to: C:\FAST\ARM\ST\STM32CubeIDE_1.16.1\STM32CubeIDE\plugins\com.st.stm32cube.common.mx_6.12.1.202409122256\\db\/mcu/
2024-11-11 08:42:38,894 [INFO] ApiDb:274 - Set plugin database path to: C:\FAST\ARM\ST\STM32CubeIDE_1.16.1\STM32CubeIDE\plugins\com.st.stm32cube.common.mx_6.12.1.202409122256\\db\/plugins/boardmanager/
2024-11-11 08:42:38,894 [WARN] ApiDb:259 - Overriding images path with different value:  => C:\FAST\ARM\ST\STM32CubeIDE_1.16.1\STM32CubeIDE\plugins\com.st.stm32cube.common.mx_6.12.1.202409122256\\db\/plugins/mcufinder/images/
2024-11-11 08:42:38,907 [INFO] ApiDb:250 - Set database path to: C:\Users\raj\.stmcufinder\plugins\mcufinder//mcu/
2024-11-11 08:42:38,908 [INFO] DbMcusAds:125 - Set database path to: C:\Users\raj\.stmcufinder\plugins\mcufinder//mcu/
2024-11-11 08:42:38,911 [INFO] CrossReferenceDbSqlite:203 - Set database path to: C:\Users\raj\.stmcufinder\plugins\mcufinder//mcu/cs/
2024-11-11 08:42:39,019 [INFO] RulesReader:64 - Compatibility file has been processed (297 Rules)
2024-11-11 08:42:39,092 [INFO] DbMcusXml:78 - Set database path to: C:\FAST\ARM\ST\STM32CubeIDE_1.16.1\STM32CubeIDE\plugins\com.st.stm32cube.common.mx_6.12.1.202409122256\\db\/mcu/
2024-11-11 08:42:39,092 [INFO] ApiDb:274 - Set plugin database path to: C:\FAST\ARM\ST\STM32CubeIDE_1.16.1\STM32CubeIDE\plugins\com.st.stm32cube.common.mx_6.12.1.202409122256\\db\/plugins/boardmanager/
2024-11-11 08:42:39,092 [INFO] ApiDb:261 - Set plugin images path to: C:\FAST\ARM\ST\STM32CubeIDE_1.16.1\STM32CubeIDE\plugins\com.st.stm32cube.common.mx_6.12.1.202409122256\\db\/plugins/mcufinder/images/
2024-11-11 08:42:39,092 [WARN] DbFile:41 - Overriding database path with different value: C:\Users\raj\.stmcufinder\plugins\mcufinder/ => C:\Users\raj\.stmcufinder\plugins\mcufinder
2024-11-11 08:42:39,092 [INFO] ApiDb:250 - Set database path to: C:\Users\raj\.stmcufinder\plugins\mcufinder//mcu/
2024-11-11 08:42:39,092 [WARN] DbFile:41 - Overriding database path with different value: C:\Users\raj\.stmcufinder\plugins\mcufinder/ => C:\Users\raj\.stmcufinder\plugins\mcufinder
2024-11-11 08:42:39,092 [INFO] DbMcusAds:125 - Set database path to: C:\Users\raj\.stmcufinder\plugins\mcufinder//mcu/
2024-11-11 08:42:39,092 [WARN] DbFile:41 - Overriding database path with different value: C:\Users\raj\.stmcufinder\plugins\mcufinder/ => C:\Users\raj\.stmcufinder\plugins\mcufinder
2024-11-11 08:42:39,092 [WARN] DbFile:41 - Overriding database path with different value: C:\Users\raj\.stmcufinder\plugins\mcufinder/ => C:\Users\raj\.stmcufinder\plugins\mcufinder
2024-11-11 08:42:39,092 [INFO] CrossReferenceDbSqlite:203 - Set database path to: C:\Users\raj\.stmcufinder\plugins\mcufinder//mcu/cs/
2024-11-11 08:42:39,175 [INFO] MainPanel:268 - HeapMemory: 268435456
2024-11-11 08:42:39,298 [INFO] DbMcusXml:78 - Set database path to: C:\FAST\ARM\ST\STM32CubeIDE_1.16.1\STM32CubeIDE\plugins\com.st.stm32cube.common.mx_6.12.1.202409122256\\db\/mcu/
2024-11-11 08:42:39,298 [INFO] ApiDb:274 - Set plugin database path to: C:\FAST\ARM\ST\STM32CubeIDE_1.16.1\STM32CubeIDE\plugins\com.st.stm32cube.common.mx_6.12.1.202409122256\\db\/plugins/boardmanager/
2024-11-11 08:42:39,298 [INFO] ApiDb:261 - Set plugin images path to: C:\FAST\ARM\ST\STM32CubeIDE_1.16.1\STM32CubeIDE\plugins\com.st.stm32cube.common.mx_6.12.1.202409122256\\db\/plugins/mcufinder/images/
2024-11-11 08:42:39,299 [WARN] DbFile:41 - Overriding database path with different value: C:\Users\raj\.stmcufinder\plugins\mcufinder/ => C:\Users\raj\.stmcufinder\plugins\mcufinder
2024-11-11 08:42:39,299 [INFO] ApiDb:250 - Set database path to: C:\Users\raj\.stmcufinder\plugins\mcufinder//mcu/
2024-11-11 08:42:39,299 [WARN] DbFile:41 - Overriding database path with different value: C:\Users\raj\.stmcufinder\plugins\mcufinder/ => C:\Users\raj\.stmcufinder\plugins\mcufinder
2024-11-11 08:42:39,299 [INFO] DbMcusAds:125 - Set database path to: C:\Users\raj\.stmcufinder\plugins\mcufinder//mcu/
2024-11-11 08:42:39,299 [WARN] DbFile:41 - Overriding database path with different value: C:\Users\raj\.stmcufinder\plugins\mcufinder/ => C:\Users\raj\.stmcufinder\plugins\mcufinder
2024-11-11 08:42:39,299 [WARN] DbFile:41 - Overriding database path with different value: C:\Users\raj\.stmcufinder\plugins\mcufinder/ => C:\Users\raj\.stmcufinder\plugins\mcufinder
2024-11-11 08:42:39,299 [INFO] CrossReferenceDbSqlite:203 - Set database path to: C:\Users\raj\.stmcufinder\plugins\mcufinder//mcu/cs/
2024-11-11 08:42:39,314 [INFO] ApplicationProperties:184 - Using Application install path: C:\FAST\ARM\ST\STM32CubeIDE_1.16.1\STM32CubeIDE\plugins\com.st.stm32cube.common.mx_6.12.1.202409122256
2024-11-11 08:42:39,317 [INFO] PluginManage:196 - Search for loadable plugins [exclusion list=, ]
2024-11-11 08:42:39,319 [INFO] PluginManage:310 - Check plugin analytics
2024-11-11 08:42:39,545 [INFO] AnalyticsPlugin:253 - Accepted Software Licenses: 
2024-11-11 08:42:39,545 [INFO] AnalyticsPlugin:255 - Accepted CMSIS Pack Licenses: 
2024-11-11 08:42:39,545 [INFO] AnalyticsPlugin:257 - Accepted Firmware Licenses: 
2024-11-11 08:42:39,548 [INFO] PluginManage:359 - Loaded plugin analytics (category:tool,tabindex:-1)
2024-11-11 08:42:39,549 [INFO] PluginManage:310 - Check plugin cadmodel
2024-11-11 08:42:39,567 [INFO] CADModel:105 - Init CAD model plugin
2024-11-11 08:42:39,567 [INFO] PluginManage:359 - Loaded plugin cadmodel (category:power,tabindex:5)
2024-11-11 08:42:39,567 [INFO] PluginManage:310 - Check plugin clock
2024-11-11 08:42:39,597 [INFO] PluginManage:359 - Loaded plugin clock (category:base,tabindex:2)
2024-11-11 08:42:39,597 [INFO] PluginManage:310 - Check plugin ddr
2024-11-11 08:42:39,600 [INFO] PluginManage:359 - Loaded plugin ddr (category:tool,tabindex:6)
2024-11-11 08:42:39,601 [INFO] PluginManage:310 - Check plugin filemanager
2024-11-11 08:42:39,744 [INFO] PluginManage:359 - Loaded plugin filemanager (category:base,tabindex:10)
2024-11-11 08:42:39,744 [INFO] PluginManage:310 - Check plugin ipmanager
2024-11-11 08:42:39,752 [INFO] PluginManage:359 - Loaded plugin ipmanager (category:base,tabindex:5)
2024-11-11 08:42:39,753 [INFO] PluginManage:310 - Check plugin lpbam
2024-11-11 08:42:39,770 [INFO] PluginManage:359 - Loaded plugin lpbam (category:base,tabindex:0)
2024-11-11 08:42:39,770 [INFO] PluginManage:310 - Check plugin memorymap
2024-11-11 08:42:39,807 [INFO] PluginManage:359 - Loaded plugin memorymap (category:base,tabindex:4)
2024-11-11 08:42:39,807 [INFO] PluginManage:310 - Check plugin pinoutandconfiguration
2024-11-11 08:42:39,827 [INFO] PluginManage:359 - Loaded plugin pinoutandconfiguration (category:base,tabindex:1)
2024-11-11 08:42:39,827 [INFO] PluginManage:310 - Check plugin pinoutconfig
2024-11-11 08:42:39,929 [WARN] SupportedApi:132 - Cannot load RTOS API schema: s4s-elt-must-match.1: The content of 'definitions' must match (annotation?, (simpleType | complexType)?, (unique | key | keyref)*)). A problem was found starting at: attribute.
2024-11-11 08:42:40,085 [INFO] PluginManage:359 - Loaded plugin pinoutconfig (category:base,tabindex:0)
2024-11-11 08:42:40,085 [INFO] PluginManage:310 - Check plugin power
2024-11-11 08:42:40,112 [INFO] PluginManage:359 - Loaded plugin power (category:power,tabindex:4)
2024-11-11 08:42:40,112 [INFO] PluginManage:310 - Check plugin projectmanager
2024-11-11 08:42:40,135 [INFO] PluginManage:359 - Loaded plugin projectmanager (category:projectmanager,tabindex:4)
2024-11-11 08:42:40,135 [INFO] PluginManage:310 - Check plugin rif
2024-11-11 08:42:40,157 [INFO] PluginManage:359 - Loaded plugin rif (category:base,tabindex:3)
2024-11-11 08:42:40,158 [INFO] PluginManage:310 - Check plugin thirdparty
2024-11-11 08:42:40,463 [INFO] PluginManage:359 - Loaded plugin thirdparty (category:base,tabindex:-1)
2024-11-11 08:42:40,463 [INFO] PluginManage:310 - Check plugin tools
2024-11-11 08:42:40,463 [WARN] IntegrityCheckThread:84 - waiting for thirdparty lock release [integrity check]
2024-11-11 08:42:40,464 [INFO] IntegrityCheckThread:86 - entering critical section [integrity check]
2024-11-11 08:42:40,464 [INFO] ThirdPartyUpdaterWithRetryManager:70 - Updater plugin not ready yet. [1/15]
2024-11-11 08:42:40,507 [INFO] PluginManage:359 - Loaded plugin tools (category:base,tabindex:7)
2024-11-11 08:42:40,507 [INFO] PluginManage:310 - Check plugin tutovideos
2024-11-11 08:42:40,680 [INFO] PluginManage:359 - Loaded plugin tutovideos (category:base,tabindex:-1)
2024-11-11 08:42:40,680 [INFO] PluginManage:310 - Check plugin updater
2024-11-11 08:42:40,698 [INFO] PluginManage:359 - Loaded plugin updater (category:base,tabindex:12)
2024-11-11 08:42:40,698 [INFO] PluginManage:310 - Check plugin userauth
2024-11-11 08:42:40,705 [INFO] UserAuth:113 - Init User Auth plugin
2024-11-11 08:42:40,705 [INFO] PluginManage:359 - Loaded plugin userauth (category:base,tabindex:14)
2024-11-11 08:42:40,705 [INFO] PluginManage:283 - PluginManage : Loaded plugins [18]
2024-11-11 08:42:40,899 [INFO] PinOutPanel:1561 - setPackage(No Configuration,No Configuration)
2024-11-11 08:42:41,000 [INFO] CADModel:165 - CPN selected for project level
2024-11-11 08:42:41,000 [INFO] CADModel:114 - Register for checkConnection events
2024-11-11 08:42:41,025 [INFO] IPUIPlugin:80 - create IPUIPlugin
2024-11-11 08:42:41,025 [INFO] PluginManager:220 - loadIPPluginJar : add adc
2024-11-11 08:42:41,068 [INFO] IPUIPlugin:80 - create IPUIPlugin
2024-11-11 08:42:41,069 [INFO] PluginManager:220 - loadIPPluginJar : add aes
2024-11-11 08:42:41,100 [INFO] IPUIPlugin:80 - create IPUIPlugin
2024-11-11 08:42:41,100 [INFO] PluginManager:220 - loadIPPluginJar : add can
2024-11-11 08:42:41,119 [INFO] IPUIPlugin:80 - create IPUIPlugin
2024-11-11 08:42:41,119 [INFO] PluginManager:220 - loadIPPluginJar : add comp
2024-11-11 08:42:41,144 [INFO] IPUIPlugin:80 - create IPUIPlugin
2024-11-11 08:42:41,145 [INFO] PluginManager:220 - loadIPPluginJar : add cryp
2024-11-11 08:42:41,159 [INFO] IPUIPlugin:80 - create IPUIPlugin
2024-11-11 08:42:41,159 [INFO] PluginManager:220 - loadIPPluginJar : add ddr_ctrl_phy
2024-11-11 08:42:41,188 [INFO] IPUIPlugin:80 - create IPUIPlugin
2024-11-11 08:42:41,188 [INFO] PluginManager:220 - loadIPPluginJar : add dfsdm
2024-11-11 08:42:41,200 [INFO] IPUIPlugin:80 - create IPUIPlugin
2024-11-11 08:42:41,201 [INFO] PluginManager:220 - loadIPPluginJar : add dma
2024-11-11 08:42:41,251 [INFO] IPUIPlugin:80 - create IPUIPlugin
2024-11-11 08:42:41,251 [INFO] PluginManager:220 - loadIPPluginJar : add dma3
2024-11-11 08:42:41,303 [INFO] IPUIPlugin:80 - create IPUIPlugin
2024-11-11 08:42:41,303 [INFO] PluginManager:220 - loadIPPluginJar : add extmemmanager
2024-11-11 08:42:41,322 [INFO] IPUIPlugin:80 - create IPUIPlugin
2024-11-11 08:42:41,322 [INFO] PluginManager:220 - loadIPPluginJar : add fatfs
2024-11-11 08:42:41,373 [INFO] IPUIPlugin:80 - create IPUIPlugin
2024-11-11 08:42:41,373 [INFO] PluginManager:220 - loadIPPluginJar : add fmc
2024-11-11 08:42:41,390 [INFO] IPUIPlugin:80 - create IPUIPlugin
2024-11-11 08:42:41,390 [INFO] PluginManager:220 - loadIPPluginJar : add freertos
2024-11-11 08:42:41,412 [INFO] IPUIPlugin:80 - create IPUIPlugin
2024-11-11 08:42:41,412 [INFO] PluginManager:220 - loadIPPluginJar : add genericplugin
2024-11-11 08:42:41,518 [INFO] IPUIPlugin:80 - create IPUIPlugin
2024-11-11 08:42:41,519 [INFO] PluginManager:220 - loadIPPluginJar : add gfxmmu
2024-11-11 08:42:41,682 [INFO] IPUIPlugin:80 - create IPUIPlugin
2024-11-11 08:42:41,682 [INFO] PluginManager:220 - loadIPPluginJar : add gic
2024-11-11 08:42:41,693 [INFO] IPUIPlugin:80 - create IPUIPlugin
2024-11-11 08:42:41,693 [INFO] PluginManager:220 - loadIPPluginJar : add gpio
2024-11-11 08:42:41,779 [INFO] IPUIPlugin:80 - create IPUIPlugin
2024-11-11 08:42:41,779 [INFO] PluginManager:220 - loadIPPluginJar : add gtzc
2024-11-11 08:42:41,817 [INFO] IPUIPlugin:80 - create IPUIPlugin
2024-11-11 08:42:41,817 [INFO] PluginManager:220 - loadIPPluginJar : add hash
2024-11-11 08:42:41,878 [INFO] IPUIPlugin:80 - create IPUIPlugin
2024-11-11 08:42:41,879 [INFO] PluginManager:220 - loadIPPluginJar : add i2c
2024-11-11 08:42:41,914 [INFO] IPUIPlugin:80 - create IPUIPlugin
2024-11-11 08:42:41,914 [INFO] PluginManager:220 - loadIPPluginJar : add i2s
2024-11-11 08:42:41,962 [INFO] IPUIPlugin:80 - create IPUIPlugin
2024-11-11 08:42:41,962 [INFO] PluginManager:220 - loadIPPluginJar : add i3c
2024-11-11 08:42:42,083 [INFO] IPUIPlugin:80 - create IPUIPlugin
2024-11-11 08:42:42,083 [INFO] PluginManager:220 - loadIPPluginJar : add ipddr
2024-11-11 08:42:42,191 [INFO] IPUIPlugin:80 - create IPUIPlugin
2024-11-11 08:42:42,191 [INFO] PluginManager:220 - loadIPPluginJar : add linkedlist
2024-11-11 08:42:42,220 [INFO] IPUIPlugin:80 - create IPUIPlugin
2024-11-11 08:42:42,220 [INFO] PluginManager:220 - loadIPPluginJar : add lorawan
2024-11-11 08:42:42,264 [INFO] IPUIPlugin:80 - create IPUIPlugin
2024-11-11 08:42:42,264 [INFO] PluginManager:220 - loadIPPluginJar : add ltdc
2024-11-11 08:42:42,281 [INFO] IPUIPlugin:80 - create IPUIPlugin
2024-11-11 08:42:42,281 [INFO] PluginManager:220 - loadIPPluginJar : add mdma
2024-11-11 08:42:42,296 [INFO] IPUIPlugin:80 - create IPUIPlugin
2024-11-11 08:42:42,296 [INFO] PluginManager:220 - loadIPPluginJar : add nvic
2024-11-11 08:42:42,341 [INFO] IPUIPlugin:80 - create IPUIPlugin
2024-11-11 08:42:42,341 [INFO] PluginManager:220 - loadIPPluginJar : add opamp
2024-11-11 08:42:42,415 [INFO] IPUIPlugin:80 - create IPUIPlugin
2024-11-11 08:42:42,416 [INFO] PluginManager:220 - loadIPPluginJar : add openamp
2024-11-11 08:42:42,469 [INFO] IPUIPlugin:80 - create IPUIPlugin
2024-11-11 08:42:42,469 [INFO] PluginManager:220 - loadIPPluginJar : add pdm2pcm
2024-11-11 08:42:42,485 [INFO] IPUIPlugin:80 - create IPUIPlugin
2024-11-11 08:42:42,487 [INFO] PluginManager:220 - loadIPPluginJar : add plateformsettings
2024-11-11 08:42:42,517 [INFO] IPUIPlugin:80 - create IPUIPlugin
2024-11-11 08:42:42,518 [INFO] PluginManager:220 - loadIPPluginJar : add quadspi
2024-11-11 08:42:42,552 [INFO] IPUIPlugin:80 - create IPUIPlugin
2024-11-11 08:42:42,552 [INFO] PluginManager:220 - loadIPPluginJar : add radio
2024-11-11 08:42:42,569 [INFO] IPUIPlugin:80 - create IPUIPlugin
2024-11-11 08:42:42,569 [INFO] PluginManager:220 - loadIPPluginJar : add resmgrutility
2024-11-11 08:42:42,627 [INFO] IPUIPlugin:80 - create IPUIPlugin
2024-11-11 08:42:42,627 [INFO] PluginManager:220 - loadIPPluginJar : add sai
2024-11-11 08:42:42,670 [INFO] IPUIPlugin:80 - create IPUIPlugin
2024-11-11 08:42:42,670 [INFO] PluginManager:220 - loadIPPluginJar : add spi
2024-11-11 08:42:42,753 [INFO] IPUIPlugin:80 - create IPUIPlugin
2024-11-11 08:42:42,753 [INFO] PluginManager:220 - loadIPPluginJar : add stm32_wpan
2024-11-11 08:42:42,783 [INFO] IPUIPlugin:80 - create IPUIPlugin
2024-11-11 08:42:42,784 [INFO] PluginManager:220 - loadIPPluginJar : add tim
2024-11-11 08:42:42,858 [INFO] IPUIPlugin:80 - create IPUIPlugin
2024-11-11 08:42:42,858 [INFO] PluginManager:220 - loadIPPluginJar : add touchsensing
2024-11-11 08:42:42,885 [INFO] IPUIPlugin:80 - create IPUIPlugin
2024-11-11 08:42:42,885 [INFO] PluginManager:220 - loadIPPluginJar : add tracer_emb
2024-11-11 08:42:42,903 [INFO] IPUIPlugin:80 - create IPUIPlugin
2024-11-11 08:42:42,903 [INFO] PluginManager:220 - loadIPPluginJar : add ts
2024-11-11 08:42:42,931 [INFO] IPUIPlugin:80 - create IPUIPlugin
2024-11-11 08:42:42,931 [INFO] PluginManager:220 - loadIPPluginJar : add tsc
2024-11-11 08:42:42,955 [INFO] IPUIPlugin:80 - create IPUIPlugin
2024-11-11 08:42:42,955 [INFO] PluginManager:220 - loadIPPluginJar : add ucpd
2024-11-11 08:42:43,016 [INFO] IPUIPlugin:80 - create IPUIPlugin
2024-11-11 08:42:43,016 [INFO] PluginManager:220 - loadIPPluginJar : add usart
2024-11-11 08:42:43,074 [INFO] IPUIPlugin:80 - create IPUIPlugin
2024-11-11 08:42:43,074 [INFO] PluginManager:220 - loadIPPluginJar : add usbx
2024-11-11 08:42:43,186 [INFO] CADModel:165 - CPN selected for project level
2024-11-11 08:42:43,186 [INFO] CADModel:114 - Register for checkConnection events
2024-11-11 08:42:43,186 [FATAL] Updater:334 - Updater called before beeing initialized
2024-11-11 08:42:43,186 [ERROR] CADModel:125 - Updater not yet initialized, retry later 
2024-11-11 08:42:43,301 [INFO] CADModel:165 - CPN selected for project level
2024-11-11 08:42:43,301 [INFO] CADModel:114 - Register for checkConnection events
2024-11-11 08:42:43,301 [FATAL] Updater:334 - Updater called before beeing initialized
2024-11-11 08:42:43,301 [ERROR] CADModel:125 - Updater not yet initialized, retry later 
2024-11-11 08:42:43,304 [FATAL] Updater:334 - Updater called before beeing initialized
2024-11-11 08:42:43,389 [FATAL] Updater:334 - Updater called before beeing initialized
2024-11-11 08:42:43,399 [INFO] DbMcusAds:53 - JSON generation date=Fri Sep 20 15:04:38 CEST 2024 (1726837478367)
2024-11-11 08:42:43,399 [FATAL] Updater:334 - Updater called before beeing initialized
2024-11-11 08:42:43,428 [WARN] DetailPanel:346 - Failed to get advertising image, set to default
2024-11-11 08:42:43,467 [INFO] ThirdPartyUpdaterWithRetryManager:70 - Updater plugin not ready yet. [2/15]
2024-11-11 08:42:43,487 [FATAL] Updater:334 - Updater called before beeing initialized
2024-11-11 08:42:43,489 [FATAL] Updater:334 - Updater called before beeing initialized
2024-11-11 08:42:43,489 [FATAL] Updater:334 - Updater called before beeing initialized
2024-11-11 08:42:43,489 [WARN] DetailPanel:346 - Failed to get advertising image, set to default
2024-11-11 08:42:43,489 [FATAL] Updater:334 - Updater called before beeing initialized
2024-11-11 08:42:43,538 [ERROR] Updater:1164 - MainUpdater not yet initialized. External WinMGr cannot be set.
2024-11-11 08:42:43,546 [INFO] Updater:1100 - Updater Version found : 6.12.1
2024-11-11 08:42:43,563 [INFO] ApplicationProperties:184 - Using Application install path: C:\FAST\ARM\ST\STM32CubeIDE_1.16.1\STM32CubeIDE\plugins\com.st.stm32cube.common.mx_6.12.1.202409122256
2024-11-11 08:42:45,137 [ERROR] LogOutputStream:75 - [STDERR_REDIRECT] Nov 11, 2024 8:42:45 AM java.util.prefs.WindowsPreferences <init>
2024-11-11 08:42:45,139 [ERROR] LogOutputStream:75 - [STDERR_REDIRECT] WARNING: Could not open/create prefs root node Software\JavaSoft\Prefs at root 0xffffffff80000002. Windows RegCreateKeyEx(...) returned error code 5.
2024-11-11 08:42:45,139 [ERROR] LogOutputStream:75 - [STDERR_REDIRECT] 
2024-11-11 08:42:45,505 [INFO] MainUpdater:2873 - connection check result : 10
2024-11-11 08:42:45,506 [INFO] MainUpdater:290 - Updater Check For Update Now.
2024-11-11 08:42:45,506 [INFO] MicroXplorer:498 - Change Database Version : DB.6.0.121
2024-11-11 08:42:45,527 [INFO] McuFinderGlobals:63 - Set McuFinder mode to 2 (CubeIDE integrated)
2024-11-11 08:42:45,534 [INFO] UserAuth:417 - Internet connection configuration mode: 1
2024-11-11 08:42:45,573 [INFO] JxBrowserEngine:152 - Initiate JxBrowser Engine with user profile folder
2024-11-11 08:42:45,771 [INFO] CheckServerUpdateThread:120 - End of CheckServer Thread
2024-11-11 08:42:46,702 [WARN] PackLoader:240 - Cannot read IP mode file for STMicroelectronics.FP-SNS-MOTENVWB1.1.4.0
2024-11-11 08:42:46,730 [WARN] PackLoader:240 - Cannot read IP mode file for STMicroelectronics.X-CUBE-SMBUS.2.1.0
2024-11-11 08:42:46,748 [WARN] PackLoader:240 - Cannot read IP mode file for STMicroelectronics.X-CUBE-WB05N.1.1.0
2024-11-11 08:42:46,789 [WARN] PackLoader:240 - Cannot read IP mode file for STMicroelectronics.X-CUBE-AZRTOS-F7.1.1.0
2024-11-11 08:42:46,853 [WARN] PackLoader:240 - Cannot read IP mode file for STMicroelectronics.X-CUBE-MEMS1.11.0.0
2024-11-11 08:42:46,982 [WARN] PackLoader:240 - Cannot read IP mode file for STMicroelectronics.FP-SNS-FLIGHT1.5.0.2
2024-11-11 08:42:47,001 [WARN] PackLoader:240 - Cannot read IP mode file for STMicroelectronics.X-CUBE-DISPLAY.3.0.0
2024-11-11 08:42:47,019 [WARN] PackLoader:240 - Cannot read IP mode file for STMicroelectronics.X-CUBE-BLE1.7.0.0
2024-11-11 08:42:47,036 [WARN] PackLoader:240 - Cannot read IP mode file for STMicroelectronics.X-CUBE-NFC10.1.0.0
2024-11-11 08:42:47,053 [WARN] PackLoader:240 - Cannot read IP mode file for emotas.I-CUBE-CANOPEN.1.3.0
2024-11-11 08:42:47,071 [WARN] PackLoader:240 - Cannot read IP mode file for STMicroelectronics.X-CUBE-BLEMGR.3.1.0
2024-11-11 08:42:47,085 [WARN] PackLoader:240 - Cannot read IP mode file for STMicroelectronics.FP-SNS-SMARTAG2.1.2.0
2024-11-11 08:42:47,109 [INFO] LogOutputStream:77 - [STDOUT_REDIRECT] 1 : Invalid condition id : UX_CORESTACK_Condition cause : null
2024-11-11 08:42:47,110 [INFO] LogOutputStream:77 - [STDOUT_REDIRECT] 1 : Invalid condition id : UX_CORESTACK_Condition cause : null
2024-11-11 08:42:47,111 [INFO] LogOutputStream:77 - [STDOUT_REDIRECT] 1 : Invalid condition id : UX_CORESTACK_Condition cause : null
2024-11-11 08:42:47,113 [INFO] LogOutputStream:77 - [STDOUT_REDIRECT] 1 : Invalid condition id : UX_CORESTACK_Condition cause : null
2024-11-11 08:42:47,114 [INFO] LogOutputStream:77 - [STDOUT_REDIRECT] 1 : Invalid condition id : UX_CORESTACK_Condition cause : null
2024-11-11 08:42:47,118 [WARN] PackLoader:240 - Cannot read IP mode file for STMicroelectronics.X-CUBE-AZRTOS-WL.2.0.0
2024-11-11 08:42:47,134 [WARN] PackLoader:240 - Cannot read IP mode file for STMicroelectronics.FP-SNS-MOTENV1.5.0.0
2024-11-11 08:42:47,148 [WARN] PackLoader:240 - Cannot read IP mode file for wolfSSL.I-CUBE-wolfMQTT.1.19.0
2024-11-11 08:42:47,163 [WARN] PackLoader:240 - Cannot read IP mode file for WES.I-CUBE-Cesium.1.3.0
2024-11-11 08:42:47,176 [WARN] PackLoader:240 - Cannot read IP mode file for STMicroelectronics.X-CUBE-BLE2.3.3.0
2024-11-11 08:42:47,201 [WARN] PackLoader:240 - Cannot read IP mode file for STMicroelectronics.X-CUBE-NFC9.1.0.0
2024-11-11 08:42:47,222 [WARN] PackLoader:240 - Cannot read IP mode file for STMicroelectronics.X-CUBE-TCPP.4.1.0
2024-11-11 08:42:47,273 [WARN] PackLoader:240 - Cannot read IP mode file for STMicroelectronics.X-CUBE-AZRTOS-G0.1.1.0
2024-11-11 08:42:47,305 [WARN] PackLoader:240 - Cannot read IP mode file for STMicroelectronics.X-CUBE-SAFEA1.1.2.2
2024-11-11 08:42:47,322 [WARN] PackLoader:240 - Cannot read IP mode file for STMicroelectronics.X-CUBE-NFC4.3.0.0
2024-11-11 08:42:47,342 [WARN] PackLoader:240 - Cannot read IP mode file for EmbeddedOffice.I-CUBE-FS-RTOS.1.0.1
2024-11-11 08:42:47,342 [ERROR] ConditionMgr:805 - Attr not supported : Dmpu
2024-11-11 08:42:47,342 [ERROR] ConditionMgr:805 - Attr not supported : Dmpu
2024-11-11 08:42:47,342 [ERROR] ConditionMgr:805 - Attr not supported : Dmpu
2024-11-11 08:42:47,343 [ERROR] ConditionMgr:805 - Attr not supported : Dmpu
2024-11-11 08:42:47,343 [ERROR] ConditionMgr:805 - Attr not supported : Dmpu
2024-11-11 08:42:47,343 [ERROR] ConditionMgr:805 - Attr not supported : Dmpu
2024-11-11 08:42:47,343 [ERROR] ConditionMgr:805 - Attr not supported : Dmpu
2024-11-11 08:42:47,343 [ERROR] ConditionMgr:805 - Attr not supported : Dmpu
2024-11-11 08:42:47,343 [ERROR] ConditionMgr:805 - Attr not supported : Dmpu
2024-11-11 08:42:47,343 [ERROR] ConditionMgr:805 - Attr not supported : Dmpu
2024-11-11 08:42:47,343 [ERROR] ConditionMgr:805 - Attr not supported : Dmpu
2024-11-11 08:42:47,343 [ERROR] ConditionMgr:805 - Attr not supported : Dmpu
2024-11-11 08:42:47,343 [ERROR] ConditionMgr:805 - Attr not supported : Dmpu
2024-11-11 08:42:47,343 [ERROR] ConditionMgr:805 - Attr not supported : Dmpu
2024-11-11 08:42:47,343 [ERROR] ConditionMgr:805 - Attr not supported : Dmpu
2024-11-11 08:42:47,343 [ERROR] ConditionMgr:805 - Attr not supported : Dmpu
2024-11-11 08:42:47,343 [ERROR] ConditionMgr:805 - Attr not supported : Dmpu
2024-11-11 08:42:47,343 [ERROR] ConditionMgr:805 - Attr not supported : Dmpu
2024-11-11 08:42:47,343 [ERROR] ConditionMgr:805 - Attr not supported : Dmpu
2024-11-11 08:42:47,343 [ERROR] ConditionMgr:805 - Attr not supported : Dmpu
2024-11-11 08:42:47,343 [ERROR] ConditionMgr:805 - Attr not supported : Dmpu
2024-11-11 08:42:47,343 [ERROR] ConditionMgr:805 - Attr not supported : Dmpu
2024-11-11 08:42:47,343 [ERROR] ConditionMgr:805 - Attr not supported : Dmpu
2024-11-11 08:42:47,343 [ERROR] ConditionMgr:805 - Attr not supported : Dmpu
2024-11-11 08:42:47,343 [ERROR] ConditionMgr:805 - Attr not supported : Dmpu
2024-11-11 08:42:47,343 [ERROR] ConditionMgr:805 - Attr not supported : Dmpu
2024-11-11 08:42:47,343 [ERROR] ConditionMgr:805 - Attr not supported : Dmpu
2024-11-11 08:42:47,343 [ERROR] ConditionMgr:805 - Attr not supported : Dmpu
2024-11-11 08:42:47,344 [ERROR] ConditionMgr:805 - Attr not supported : Dmpu
2024-11-11 08:42:47,344 [ERROR] ConditionMgr:805 - Attr not supported : Dmpu
2024-11-11 08:42:47,344 [ERROR] ConditionMgr:805 - Attr not supported : Dmpu
2024-11-11 08:42:47,344 [ERROR] ConditionMgr:805 - Attr not supported : Dmpu
2024-11-11 08:42:47,344 [ERROR] ConditionMgr:805 - Attr not supported : Dmpu
2024-11-11 08:42:47,344 [ERROR] ConditionMgr:805 - Attr not supported : Dmpu
2024-11-11 08:42:47,344 [ERROR] ConditionMgr:805 - Attr not supported : Dmpu
2024-11-11 08:42:47,344 [ERROR] ConditionMgr:805 - Attr not supported : Dmpu
2024-11-11 08:42:47,344 [ERROR] ConditionMgr:805 - Attr not supported : Dmpu
2024-11-11 08:42:47,344 [ERROR] ConditionMgr:805 - Attr not supported : Dmpu
2024-11-11 08:42:47,344 [ERROR] ConditionMgr:805 - Attr not supported : Dmpu
2024-11-11 08:42:47,344 [ERROR] ConditionMgr:805 - Attr not supported : Dmpu
2024-11-11 08:42:47,344 [ERROR] ConditionMgr:805 - Attr not supported : Dmpu
2024-11-11 08:42:47,344 [ERROR] ConditionMgr:805 - Attr not supported : Dmpu
2024-11-11 08:42:47,344 [ERROR] ConditionMgr:805 - Attr not supported : Dmpu
2024-11-11 08:42:47,344 [ERROR] ConditionMgr:805 - Attr not supported : Dmpu
2024-11-11 08:42:47,344 [ERROR] ConditionMgr:805 - Attr not supported : Dmpu
2024-11-11 08:42:47,344 [ERROR] ConditionMgr:805 - Attr not supported : Dmpu
2024-11-11 08:42:47,344 [ERROR] ConditionMgr:805 - Attr not supported : Dmpu
2024-11-11 08:42:47,344 [ERROR] ConditionMgr:805 - Attr not supported : Dmpu
2024-11-11 08:42:47,344 [ERROR] ConditionMgr:805 - Attr not supported : Dmpu
2024-11-11 08:42:47,344 [ERROR] ConditionMgr:805 - Attr not supported : Dmpu
2024-11-11 08:42:47,344 [ERROR] ConditionMgr:805 - Attr not supported : Dmpu
2024-11-11 08:42:47,344 [ERROR] ConditionMgr:805 - Attr not supported : Dmpu
2024-11-11 08:42:47,344 [ERROR] ConditionMgr:805 - Attr not supported : Dmpu
2024-11-11 08:42:47,344 [ERROR] ConditionMgr:805 - Attr not supported : Dmpu
2024-11-11 08:42:47,344 [ERROR] ConditionMgr:805 - Attr not supported : Dmpu
2024-11-11 08:42:47,345 [ERROR] ConditionMgr:805 - Attr not supported : Dmpu
2024-11-11 08:42:47,345 [ERROR] ConditionMgr:805 - Attr not supported : Dmpu
2024-11-11 08:42:47,345 [ERROR] ConditionMgr:805 - Attr not supported : Dmpu
2024-11-11 08:42:47,345 [ERROR] ConditionMgr:805 - Attr not supported : Dmpu
2024-11-11 08:42:47,345 [ERROR] ConditionMgr:805 - Attr not supported : Dmpu
2024-11-11 08:42:47,345 [ERROR] ConditionMgr:805 - Attr not supported : Dmpu
2024-11-11 08:42:47,345 [ERROR] ConditionMgr:805 - Attr not supported : Dmpu
2024-11-11 08:42:47,345 [ERROR] ConditionMgr:805 - Attr not supported : Dmpu
2024-11-11 08:42:47,345 [ERROR] ConditionMgr:805 - Attr not supported : Dmpu
2024-11-11 08:42:47,360 [WARN] PackLoader:240 - Cannot read IP mode file for RealThread.X-CUBE-RT-Thread_Nano.4.1.1
2024-11-11 08:42:47,374 [WARN] PackLoader:240 - Cannot read IP mode file for STMicroelectronics.FP-ATR-SIGFOX1.3.2.0
2024-11-11 08:42:47,391 [WARN] PackLoader:240 - Cannot read IP mode file for STMicroelectronics.X-CUBE-EEPRMA1.5.1.0
2024-11-11 08:42:47,407 [WARN] PackLoader:240 - Cannot read IP mode file for wolfSSL.I-CUBE-wolfSSL.5.7.4
2024-11-11 08:42:47,424 [WARN] PackLoader:240 - Cannot read IP mode file for ITTIA_DB.I-CUBE-ITTIADB.8.9.0
2024-11-11 08:42:47,468 [WARN] PackLoader:240 - Cannot read IP mode file for SEGGER.I-CUBE-embOS.1.3.1
2024-11-11 08:42:47,513 [WARN] PackLoader:240 - Cannot read IP mode file for STMicroelectronics.X-CUBE-ALGOBUILD.1.4.0
2024-11-11 08:42:47,528 [WARN] PackLoader:240 - Cannot read IP mode file for STMicroelectronics.X-CUBE-AI.9.1.0
2024-11-11 08:42:47,558 [WARN] PackLoader:240 - Cannot read IP mode file for STMicroelectronics.X-CUBE-AZRTOS-F4.1.1.0
2024-11-11 08:42:47,576 [WARN] PackLoader:240 - Cannot read IP mode file for STMicroelectronics.X-CUBE-ISPU.2.1.0
2024-11-11 08:42:47,590 [WARN] PackLoader:240 - Cannot read IP mode file for STMicroelectronics.X-CUBE-FREERTOS.1.2.0
2024-11-11 08:42:47,622 [WARN] PackLoader:240 - Cannot read IP mode file for STMicroelectronics.X-CUBE-AZRTOS-L5.2.0.0
2024-11-11 08:42:47,642 [WARN] PackLoader:240 - Cannot read IP mode file for STMicroelectronics.X-CUBE-NFC6.3.1.0
2024-11-11 08:42:47,663 [WARN] PackLoader:240 - Cannot read IP mode file for STMicroelectronics.X-CUBE-DPower.1.2.0
2024-11-11 08:42:47,680 [WARN] PackLoader:240 - Cannot read IP mode file for STMicroelectronics.X-CUBE-NFC7.1.0.1
2024-11-11 08:42:47,710 [WARN] ConditionMgr:438 - getConditionDescription Invalid condition id : LAN8742 Phy interface Condition cause : null
2024-11-11 08:42:47,710 [WARN] PackLoader:240 - Cannot read IP mode file for STMicroelectronics.X-CUBE-AZRTOS-L4.2.0.0
2024-11-11 08:42:47,711 [WARN] ConditionMgr:1039 - genDependencies : Invalid condition id : LAN8742 Phy interface Condition cause : null
2024-11-11 08:42:47,711 [WARN] ConditionMgr:1039 - genDependencies : Invalid condition id : LAN8742 Phy interface Condition cause : null
2024-11-11 08:42:47,711 [WARN] ConditionMgr:1039 - genDependencies : Invalid condition id : LAN8742 Phy interface Condition cause : null
2024-11-11 08:42:47,728 [WARN] PackLoader:240 - Cannot read IP mode file for STMicroelectronics.X-CUBE-SFXS2LP1.4.0.0
2024-11-11 08:42:47,762 [WARN] PackLoader:240 - Cannot read IP mode file for STMicroelectronics.X-CUBE-AZRTOS-H7.3.3.0
2024-11-11 08:42:47,786 [WARN] PackLoader:240 - Cannot read IP mode file for STMicroelectronics.X-CUBE-IPS.3.0.0
2024-11-11 08:42:47,820 [WARN] ConditionMgr:438 - getConditionDescription Invalid condition id : UX DEVICE CLASS RTOS Condition cause : null
2024-11-11 08:42:47,820 [WARN] ConditionMgr:438 - getConditionDescription Invalid condition id : UX DEVICE CLASS RTOS Condition cause : null
2024-11-11 08:42:47,822 [WARN] PackLoader:240 - Cannot read IP mode file for STMicroelectronics.X-CUBE-AZRTOS-WB.2.0.0
2024-11-11 08:42:47,823 [WARN] ConditionMgr:1039 - genDependencies : Invalid condition id : UX DEVICE CLASS RTOS Condition cause : null
2024-11-11 08:42:47,823 [WARN] ConditionMgr:1039 - genDependencies : Invalid condition id : UX DEVICE CLASS RTOS Condition cause : null
2024-11-11 08:42:47,823 [WARN] ConditionMgr:1039 - genDependencies : Invalid condition id : UX DEVICE CLASS RTOS Condition cause : null
2024-11-11 08:42:47,823 [WARN] ConditionMgr:1039 - genDependencies : Invalid condition id : UX DEVICE CLASS RTOS Condition cause : null
2024-11-11 08:42:47,823 [WARN] ConditionMgr:1039 - genDependencies : Invalid condition id : UX DEVICE CLASS RTOS Condition cause : null
2024-11-11 08:42:47,839 [WARN] PackLoader:240 - Cannot read IP mode file for STMicroelectronics.X-CUBE-GNSS1.7.0.0
2024-11-11 08:42:47,857 [WARN] PackLoader:240 - Cannot read IP mode file for STMicroelectronics.FP-SNS-STBOX1.2.0.0
2024-11-11 08:42:47,882 [WARN] PackLoader:240 - Cannot read IP mode file for STMicroelectronics.X-CUBE-SUBG2.5.0.0
2024-11-11 08:42:47,903 [WARN] PackLoader:240 - Cannot read IP mode file for Cesanta.I-CUBE-Mongoose.7.13.0
2024-11-11 08:42:47,930 [WARN] PackLoader:240 - Cannot read IP mode file for STMicroelectronics.X-CUBE-AZRTOS-G4.2.0.0
2024-11-11 08:42:47,949 [WARN] PackLoader:240 - Cannot read IP mode file for STMicroelectronics.X-CUBE-ALS.1.0.2
2024-11-11 08:42:47,967 [WARN] PackLoader:240 - Cannot read IP mode file for STMicroelectronics.X-CUBE-TOUCHGFX.4.24.1
2024-11-11 08:42:47,984 [WARN] PackLoader:240 - Cannot read IP mode file for wolfSSL.I-CUBE-wolfTPM.3.4.0
2024-11-11 08:42:48,003 [WARN] PackLoader:240 - Cannot read IP mode file for portGmbH.I-Cube-SoM-uGOAL.1.1.0
2024-11-11 08:42:48,035 [WARN] PackLoader:240 - Cannot read IP mode file for STMicroelectronics.X-CUBE-AZRTOS-H7RS.1.0.0
2024-11-11 08:42:48,054 [WARN] PackLoader:240 - Cannot read IP mode file for STMicroelectronics.FP-ATR-ASTRA1.2.0.0
2024-11-11 08:42:48,079 [WARN] PackLoader:240 - Cannot read IP mode file for STMicroelectronics.X-CUBE-TOF1.3.4.2
2024-11-11 08:42:48,129 [WARN] PackLoader:240 - Cannot read IP mode file for Infineon.AIROC-Wi-Fi-Bluetooth-STM32.1.6.1
2024-11-11 08:42:48,150 [WARN] PackLoader:240 - Cannot read IP mode file for wolfSSL.I-CUBE-wolfSSH.1.4.17
2024-11-11 08:42:48,151 [INFO] ThirdParty:978 - Integrity check success = true
2024-11-11 08:42:48,151 [INFO] IntegrityCheckThread:100 - exiting critical section [integrity check]
2024-11-11 08:42:48,151 [INFO] IntegrityCheckThread:103 - End integrity checks thread
2024-11-11 08:42:51,067 [INFO] WebApp:167 - Instantiating new browser for Auth
2024-11-11 08:42:51,928 [INFO] WebApp:448 - Apply proxy settings
2024-11-11 08:42:51,928 [INFO] WebApp:533 - Chromium requires no authentication
2024-11-11 08:42:51,944 [INFO] WebApp:476 - Direct internet connection detected
2024-11-11 08:42:51,980 [INFO] WebApp:869 - Register for checkConnection events
2024-11-11 08:42:51,981 [INFO] WebApp:448 - Apply proxy settings
2024-11-11 08:42:51,981 [INFO] WebApp:533 - Chromium requires no authentication
2024-11-11 08:42:51,982 [INFO] WebApp:476 - Direct internet connection detected
2024-11-11 08:42:52,252 [INFO] WebApp:220 - Starting web application
2024-11-11 08:42:52,253 [INFO] WebApp:578 - Web application path used C:\FAST\ARM\ST\STM32CubeIDE_1.16.1\STM32CubeIDE\plugins\com.st.stm32cube.common.mx_6.12.1.202409122256\db\plugins\mcufinder\reactClient1\index.html
2024-11-11 08:42:52,499 [INFO] WebApp:186 - Connection restablished
2024-11-11 08:42:52,510 [INFO] UserAuth:417 - Internet connection configuration mode: 1
2024-11-11 08:42:52,750 [ERROR] LogOutputStream:75 - [STDERR_REDIRECT] [Fatal Error] :1:1: Premature end of file.
2024-11-11 08:42:52,750 [ERROR] LogOutputStream:75 - [STDERR_REDIRECT] 
2024-11-11 08:42:53,648 [ERROR] LogOutputStream:75 - [STDERR_REDIRECT] [Fatal Error] :1:1: Premature end of file.
2024-11-11 08:42:53,648 [ERROR] LogOutputStream:75 - [STDERR_REDIRECT] 
2024-11-11 08:42:54,653 [ERROR] LogOutputStream:75 - [STDERR_REDIRECT] [Fatal Error] :1:1: Premature end of file.
2024-11-11 08:42:54,653 [ERROR] LogOutputStream:75 - [STDERR_REDIRECT] 
2024-11-11 08:42:55,638 [ERROR] LogOutputStream:75 - [STDERR_REDIRECT] [Fatal Error] :1:1: Premature end of file.
2024-11-11 08:42:55,638 [ERROR] LogOutputStream:75 - [STDERR_REDIRECT] 
2024-11-11 08:42:56,632 [ERROR] LogOutputStream:75 - [STDERR_REDIRECT] [Fatal Error] :1:1: Premature end of file.
2024-11-11 08:42:56,633 [ERROR] LogOutputStream:75 - [STDERR_REDIRECT] 
2024-11-11 08:42:57,624 [ERROR] LogOutputStream:75 - [STDERR_REDIRECT] [Fatal Error] :1:1: Premature end of file.
2024-11-11 08:42:57,624 [ERROR] LogOutputStream:75 - [STDERR_REDIRECT] 
2024-11-11 08:42:58,643 [ERROR] LogOutputStream:75 - [STDERR_REDIRECT] [Fatal Error] :1:1: Premature end of file.
2024-11-11 08:42:58,644 [ERROR] LogOutputStream:75 - [STDERR_REDIRECT] 
2024-11-11 08:42:59,644 [ERROR] LogOutputStream:75 - [STDERR_REDIRECT] [Fatal Error] :1:1: Premature end of file.
2024-11-11 08:42:59,645 [ERROR] LogOutputStream:75 - [STDERR_REDIRECT] 
2024-11-11 08:43:00,631 [ERROR] LogOutputStream:75 - [STDERR_REDIRECT] [Fatal Error] :1:1: Premature end of file.
2024-11-11 08:43:00,631 [ERROR] LogOutputStream:75 - [STDERR_REDIRECT] 
2024-11-11 08:43:01,642 [ERROR] LogOutputStream:75 - [STDERR_REDIRECT] [Fatal Error] :1:1: Premature end of file.
2024-11-11 08:43:01,643 [ERROR] LogOutputStream:75 - [STDERR_REDIRECT] 
2024-11-11 08:43:02,622 [ERROR] LogOutputStream:75 - [STDERR_REDIRECT] [Fatal Error] :1:1: Premature end of file.
2024-11-11 08:43:02,623 [ERROR] LogOutputStream:75 - [STDERR_REDIRECT] 
2024-11-11 08:43:03,629 [ERROR] LogOutputStream:75 - [STDERR_REDIRECT] [Fatal Error] :1:1: Premature end of file.
2024-11-11 08:43:03,629 [ERROR] LogOutputStream:75 - [STDERR_REDIRECT] 
2024-11-11 08:43:04,626 [ERROR] LogOutputStream:75 - [STDERR_REDIRECT] [Fatal Error] :1:1: Premature end of file.
2024-11-11 08:43:04,626 [ERROR] LogOutputStream:75 - [STDERR_REDIRECT] 
2024-11-11 08:43:05,628 [ERROR] LogOutputStream:75 - [STDERR_REDIRECT] [Fatal Error] :1:1: Premature end of file.
2024-11-11 08:43:05,628 [ERROR] LogOutputStream:75 - [STDERR_REDIRECT] 
2024-11-11 08:43:06,623 [ERROR] LogOutputStream:75 - [STDERR_REDIRECT] [Fatal Error] :1:1: Premature end of file.
2024-11-11 08:43:06,623 [ERROR] LogOutputStream:75 - [STDERR_REDIRECT] 
2024-11-11 08:43:07,691 [ERROR] LogOutputStream:75 - [STDERR_REDIRECT] [Fatal Error] :1:1: Premature end of file.
2024-11-11 08:43:07,692 [ERROR] LogOutputStream:75 - [STDERR_REDIRECT] 
2024-11-11 08:43:08,626 [ERROR] LogOutputStream:75 - [STDERR_REDIRECT] [Fatal Error] :1:1: Premature end of file.
2024-11-11 08:43:08,626 [ERROR] LogOutputStream:75 - [STDERR_REDIRECT] 
2024-11-11 08:43:09,629 [ERROR] LogOutputStream:75 - [STDERR_REDIRECT] [Fatal Error] :1:1: Premature end of file.
2024-11-11 08:43:09,629 [ERROR] LogOutputStream:75 - [STDERR_REDIRECT] 
2024-11-11 08:43:10,634 [ERROR] LogOutputStream:75 - [STDERR_REDIRECT] [Fatal Error] :1:1: Premature end of file.
2024-11-11 08:43:10,634 [ERROR] LogOutputStream:75 - [STDERR_REDIRECT] 
2024-11-11 08:43:11,669 [ERROR] LogOutputStream:75 - [STDERR_REDIRECT] 
2024-11-11 08:43:11,670 [ERROR] LogOutputStream:75 - [STDERR_REDIRECT] 
